2026-06-12 16:35:05,532 INFO Logging initialized. Error file: C:\Users\pooja\Desktop\myproject\logs\error.log
2026-06-12 16:35:50,500 INFO Logging initialized. Error file: C:\Users\pooja\Desktop\myproject\logs\error.log
2026-06-12 16:39:32,273 INFO Logging initialized. Error file: C:\Users\pooja\Desktop\myproject\logs\error.log
2026-06-12 16:39:38,537 INFO Logging initialized. Error file: C:\Users\pooja\Desktop\myproject\logs\error.log
2026-06-12 16:40:40,837 INFO [LOGIN] Attempt: email/username='Xa12@gmail.com', password=**************
2026-06-12 16:40:40,843 INFO [LOGIN] User found in users table
2026-06-12 16:40:40,968 INFO [LOGIN] Hash check result: True
2026-06-12 16:40:40,969 INFO [LOGIN SUCCESS] User 'Xa12@gmail.com' logged in successfully
2026-06-12 16:41:00,427 INFO [LOGOUT] User 'Xa12@gmail.com' logged out
2026-06-12 16:41:13,642 INFO [LOGIN] Attempt: email/username='Cc7@gmail.com', password=*************
2026-06-12 16:41:13,649 INFO [LOGIN] User found in users table
2026-06-12 16:41:13,770 INFO [LOGIN] Hash check result: False
2026-06-12 16:41:13,770 INFO [LOGIN] Fallback check result: False
2026-06-12 16:41:13,771 WARNING [LOGIN FAILED] Invalid credentials for 'Cc7@gmail.com'
2026-06-12 16:41:16,551 INFO [LOGIN] Attempt: email/username='Cc7@gmail.com', password=*************
2026-06-12 16:41:16,558 INFO [LOGIN] User found in users table
2026-06-12 16:41:16,684 INFO [LOGIN] Hash check result: False
2026-06-12 16:41:16,684 INFO [LOGIN] Fallback check result: False
2026-06-12 16:41:16,685 WARNING [LOGIN FAILED] Invalid credentials for 'Cc7@gmail.com'
2026-06-12 16:41:18,234 INFO [LOGIN] Attempt: email/username='Cc7@gmail.com', password=*************
2026-06-12 16:41:18,240 INFO [LOGIN] User found in users table
2026-06-12 16:41:18,360 INFO [LOGIN] Hash check result: False
2026-06-12 16:41:18,361 INFO [LOGIN] Fallback check result: False
2026-06-12 16:41:18,361 WARNING [LOGIN FAILED] Invalid credentials for 'Cc7@gmail.com'
2026-06-12 16:41:18,448 INFO [LOGIN] Attempt: email/username='Cc7@gmail.com', password=*************
2026-06-12 16:41:18,455 INFO [LOGIN] User found in users table
2026-06-12 16:41:18,576 INFO [LOGIN] Hash check result: False
2026-06-12 16:41:18,577 INFO [LOGIN] Fallback check result: False
2026-06-12 16:41:18,577 WARNING [LOGIN FAILED] Invalid credentials for 'Cc7@gmail.com'
2026-06-12 16:41:18,913 INFO [LOGIN] Attempt: email/username='Cc7@gmail.com', password=*************
2026-06-12 16:41:18,919 INFO [LOGIN] User found in users table
2026-06-12 16:41:19,042 INFO [LOGIN] Hash check result: False
2026-06-12 16:41:19,042 INFO [LOGIN] Fallback check result: False
2026-06-12 16:41:19,043 WARNING [LOGIN FAILED] Invalid credentials for 'Cc7@gmail.com'
2026-06-12 16:41:19,135 INFO [LOGIN] Attempt: email/username='Cc7@gmail.com', password=*************
2026-06-12 16:41:19,141 INFO [LOGIN] User found in users table
2026-06-12 16:41:19,265 INFO [LOGIN] Hash check result: False
2026-06-12 16:41:19,265 INFO [LOGIN] Fallback check result: False
2026-06-12 16:41:19,265 WARNING [LOGIN FAILED] Invalid credentials for 'Cc7@gmail.com'
2026-06-12 16:41:19,446 INFO [LOGIN] Attempt: email/username='Cc7@gmail.com', password=*************
2026-06-12 16:41:19,452 INFO [LOGIN] User found in users table
2026-06-12 16:41:19,574 INFO [LOGIN] Hash check result: False
2026-06-12 16:41:19,574 INFO [LOGIN] Fallback check result: False
2026-06-12 16:41:19,574 WARNING [LOGIN FAILED] Invalid credentials for 'Cc7@gmail.com'
2026-06-12 16:41:19,681 INFO [LOGIN] Attempt: email/username='Cc7@gmail.com', password=*************
2026-06-12 16:41:19,688 INFO [LOGIN] User found in users table
2026-06-12 16:41:19,812 INFO [LOGIN] Hash check result: False
2026-06-12 16:41:19,813 INFO [LOGIN] Fallback check result: False
2026-06-12 16:41:19,813 WARNING [LOGIN FAILED] Invalid credentials for 'Cc7@gmail.com'
2026-06-12 16:41:19,896 INFO [LOGIN] Attempt: email/username='Cc7@gmail.com', password=*************
2026-06-12 16:41:19,903 INFO [LOGIN] User found in users table
2026-06-12 16:41:20,029 INFO [LOGIN] Hash check result: False
2026-06-12 16:41:20,029 INFO [LOGIN] Fallback check result: False
2026-06-12 16:41:20,029 WARNING [LOGIN FAILED] Invalid credentials for 'Cc7@gmail.com'
2026-06-12 17:33:33,715 INFO [LOGIN] Attempt: email/username='Python1@gmail.com', password=*****************
2026-06-12 17:33:33,727 INFO [LOGIN] User found in users table
2026-06-12 17:33:33,891 INFO [LOGIN] Hash check result: False
2026-06-12 17:33:33,892 INFO [LOGIN] Fallback check result: False
2026-06-12 17:33:33,893 WARNING [LOGIN FAILED] Invalid credentials for 'Python1@gmail.com'
2026-06-12 17:33:35,659 INFO [LOGIN] Attempt: email/username='Python1@gmail.com', password=*****************
2026-06-12 17:33:35,669 INFO [LOGIN] User found in users table
2026-06-12 17:33:35,838 INFO [LOGIN] Hash check result: False
2026-06-12 17:33:35,839 INFO [LOGIN] Fallback check result: False
2026-06-12 17:33:35,840 WARNING [LOGIN FAILED] Invalid credentials for 'Python1@gmail.com'
2026-06-12 17:34:10,887 INFO [LOGIN] Attempt: email/username='Python1@gmail.com', password=*****************
2026-06-12 17:34:10,899 INFO [LOGIN] User found in users table
2026-06-12 17:34:11,065 INFO [LOGIN] Hash check result: False
2026-06-12 17:34:11,066 INFO [LOGIN] Fallback check result: False
2026-06-12 17:34:11,067 WARNING [LOGIN FAILED] Invalid credentials for 'Python1@gmail.com'
2026-06-12 17:34:13,032 INFO [LOGIN] Attempt: email/username='Python1@gmail.com', password=*****************
2026-06-12 17:34:13,042 INFO [LOGIN] User found in users table
2026-06-12 17:34:13,208 INFO [LOGIN] Hash check result: False
2026-06-12 17:34:13,208 INFO [LOGIN] Fallback check result: False
2026-06-12 17:34:13,210 WARNING [LOGIN FAILED] Invalid credentials for 'Python1@gmail.com'
2026-06-12 17:34:54,050 INFO [LOGIN] Attempt: email/username='Python1@gmail.com', password=*****************
2026-06-12 17:34:54,063 INFO [LOGIN] User found in users table
2026-06-12 17:34:54,282 INFO [LOGIN] Hash check result: False
2026-06-12 17:34:54,283 INFO [LOGIN] Fallback check result: False
2026-06-12 17:34:54,284 WARNING [LOGIN FAILED] Invalid credentials for 'Python1@gmail.com'
2026-06-12 17:36:35,624 INFO [LOGIN] Attempt: email/username='Popo1@gmail.com', password=***************
2026-06-12 17:36:35,635 INFO [LOGIN] User found in users table
2026-06-12 17:36:35,858 INFO [LOGIN] Hash check result: True
2026-06-12 17:36:35,859 INFO [LOGIN SUCCESS] User 'Popo1@gmail.com' logged in successfully
2026-06-12 18:52:58,771 INFO [LOGOUT] User 'Popo1@gmail.com' logged out
2026-06-12 18:55:19,233 INFO [LOGIN] Attempt: email/username='Sonipoojan1@gmail.com', password=*********************
2026-06-12 18:55:19,246 INFO [LOGIN] User found in users table
2026-06-12 18:55:19,474 INFO [LOGIN] Hash check result: True
2026-06-12 18:55:19,475 INFO [LOGIN SUCCESS] User 'Sonipoojan1@gmail.com' logged in successfully
2026-06-12 19:01:06,999 INFO Logging initialized. Error file: C:\Users\pooja\Desktop\myproject\logs\error.log
2026-06-12 19:02:23,365 INFO Logging initialized. Error file: C:\Users\pooja\Desktop\myproject\logs\error.log
2026-06-12 19:02:52,767 INFO [LOGOUT] User 'Sonipoojan1@gmail.com' logged out
2026-06-12 19:03:02,394 INFO [LOGIN] Attempt: email/username='Sonipoojan1@gmail.com', password=*********************
2026-06-12 19:03:02,413 INFO [LOGIN] User found in users table
2026-06-12 19:03:02,631 INFO [LOGIN] Hash check result: False
2026-06-12 19:03:02,631 INFO [LOGIN] Fallback check result: False
2026-06-12 19:03:02,631 WARNING [LOGIN FAILED] Invalid credentials for 'Sonipoojan1@gmail.com'
2026-06-12 19:03:04,182 INFO [LOGIN] Attempt: email/username='Sonipoojan1@gmail.com', password=*********************
2026-06-12 19:03:04,192 INFO [LOGIN] User found in users table
2026-06-12 19:03:04,407 INFO [LOGIN] Hash check result: False
2026-06-12 19:03:04,407 INFO [LOGIN] Fallback check result: False
2026-06-12 19:03:04,408 WARNING [LOGIN FAILED] Invalid credentials for 'Sonipoojan1@gmail.com'
2026-06-12 19:03:05,312 INFO [LOGIN] Attempt: email/username='Sonipoojan1@gmail.com', password=*********************
2026-06-12 19:03:05,324 INFO [LOGIN] User found in users table
2026-06-12 19:03:05,540 INFO [LOGIN] Hash check result: False
2026-06-12 19:03:05,541 INFO [LOGIN] Fallback check result: False
2026-06-12 19:03:05,542 WARNING [LOGIN FAILED] Invalid credentials for 'Sonipoojan1@gmail.com'
2026-06-12 19:03:06,403 INFO [LOGIN] Attempt: email/username='Sonipoojan1@gmail.com', password=*********************
2026-06-12 19:03:06,413 INFO [LOGIN] User found in users table
2026-06-12 19:03:06,636 INFO [LOGIN] Hash check result: False
2026-06-12 19:03:06,636 INFO [LOGIN] Fallback check result: False
2026-06-12 19:03:06,637 WARNING [LOGIN FAILED] Invalid credentials for 'Sonipoojan1@gmail.com'
2026-06-15 11:21:31,789 INFO Logging initialized. Error file: C:\Users\pooja\Desktop\myproject\logs\error.log
2026-06-15 11:21:40,907 INFO Logging initialized. Error file: C:\Users\pooja\Desktop\myproject\logs\error.log
2026-06-15 11:29:21,671 INFO [LOGIN] Attempt: email/username='Soni1@gmail.com', password=***************
2026-06-15 11:29:21,681 INFO [LOGIN] User found in users table
2026-06-15 11:29:21,924 INFO [LOGIN] Hash check result: False
2026-06-15 11:29:21,924 INFO [LOGIN] Fallback check result: False
2026-06-15 11:29:21,924 ERROR Error during login: Unread result found
2026-06-15 11:29:23,687 INFO [LOGIN] Attempt: email/username='Soni1@gmail.com', password=***************
2026-06-15 11:29:23,700 INFO [LOGIN] User found in users table
2026-06-15 11:29:23,927 INFO [LOGIN] Hash check result: False
2026-06-15 11:29:23,928 INFO [LOGIN] Fallback check result: False
2026-06-15 11:29:23,928 ERROR Error during login: Unread result found
2026-06-15 11:29:30,147 INFO [LOGIN] Attempt: email/username='Soni1@gmail.com', password=***************
2026-06-15 11:29:30,159 INFO [LOGIN] User found in users table
2026-06-15 11:29:30,376 INFO [LOGIN] Hash check result: False
2026-06-15 11:29:30,377 INFO [LOGIN] Fallback check result: False
2026-06-15 11:29:30,377 ERROR Error during login: Unread result found
2026-06-15 11:31:47,479 INFO [LOGIN] Attempt: email/username='Hiren1@gmail.com', password=****************
2026-06-15 11:31:47,494 INFO [LOGIN] User found in users table
2026-06-15 11:31:47,716 INFO [LOGIN] Hash check result: True
2026-06-15 11:31:47,718 INFO [LOGIN SUCCESS] User 'Hiren1@gmail.com' logged in successfully
2026-06-15 11:38:39,347 INFO Logging initialized. Error file: C:\Users\pooja\Desktop\myproject\logs\error.log
2026-06-15 11:39:43,233 INFO Logging initialized. Error file: C:\Users\pooja\Desktop\myproject\logs\error.log
2026-06-15 11:42:40,447 INFO [LOGOUT] User 'Hiren1@gmail.com' logged out
2026-06-15 11:42:48,165 INFO [LOGIN] Attempt: email/username='Hey1@gmail.com', password=**************
2026-06-15 11:42:48,177 INFO [LOGIN] User found in users table
2026-06-15 11:42:48,404 INFO [LOGIN] Hash check result: False
2026-06-15 11:42:48,404 INFO [LOGIN] Fallback check result: False
2026-06-15 11:42:48,404 ERROR Error during login: Unread result found
2026-06-15 11:42:50,306 INFO [LOGIN] Attempt: email/username='Hey1@gmail.com', password=**************
2026-06-15 11:42:50,318 INFO [LOGIN] User found in users table
2026-06-15 11:42:50,540 INFO [LOGIN] Hash check result: False
2026-06-15 11:42:50,540 INFO [LOGIN] Fallback check result: False
2026-06-15 11:42:50,540 ERROR Error during login: Unread result found
2026-06-15 11:42:51,564 INFO [LOGIN] Attempt: email/username='Hey1@gmail.com', password=**************
2026-06-15 11:42:51,578 INFO [LOGIN] User found in users table
2026-06-15 11:42:51,803 INFO [LOGIN] Hash check result: False
2026-06-15 11:42:51,804 INFO [LOGIN] Fallback check result: False
2026-06-15 11:42:51,804 ERROR Error during login: Unread result found
2026-06-15 11:42:53,244 INFO [LOGIN] Attempt: email/username='Hey1@gmail.com', password=**************
2026-06-15 11:42:53,255 INFO [LOGIN] User found in users table
2026-06-15 11:42:53,467 INFO [LOGIN] Hash check result: False
2026-06-15 11:42:53,467 INFO [LOGIN] Fallback check result: False
2026-06-15 11:42:53,468 ERROR Error during login: Unread result found
2026-06-15 11:43:04,188 INFO [LOGIN] Attempt: email/username='Hey1@gmail.com', password=**************
2026-06-15 11:43:04,201 INFO [LOGIN] User found in users table
2026-06-15 11:43:04,428 INFO [LOGIN] Hash check result: False
2026-06-15 11:43:04,428 INFO [LOGIN] Fallback check result: False
2026-06-15 11:43:04,429 ERROR Error during login: Unread result found
2026-06-15 11:43:05,821 INFO [LOGIN] Attempt: email/username='Hey1@gmail.com', password=**************
2026-06-15 11:43:05,840 INFO [LOGIN] User found in users table
2026-06-15 11:43:06,066 INFO [LOGIN] Hash check result: False
2026-06-15 11:43:06,066 INFO [LOGIN] Fallback check result: False
2026-06-15 11:43:06,066 ERROR Error during login: Unread result found
2026-06-15 11:43:09,149 INFO [LOGIN] Attempt: email/username='Hey1@gmail.com', password=**************
2026-06-15 11:43:09,161 INFO [LOGIN] User found in users table
2026-06-15 11:43:09,384 INFO [LOGIN] Hash check result: False
2026-06-15 11:43:09,385 INFO [LOGIN] Fallback check result: False
2026-06-15 11:43:09,385 ERROR Error during login: Unread result found
2026-06-15 11:43:11,047 INFO [LOGIN] Attempt: email/username='Hey1@gmail.com', password=**************
2026-06-15 11:43:11,062 INFO [LOGIN] User found in users table
2026-06-15 11:43:11,298 INFO [LOGIN] Hash check result: False
2026-06-15 11:43:11,298 INFO [LOGIN] Fallback check result: False
2026-06-15 11:43:11,298 ERROR Error during login: Unread result found
2026-06-15 11:51:32,392 INFO [LOGIN] Attempt: email/username='Pooja1@gmail.com', password=****************
2026-06-15 11:51:32,404 INFO [LOGIN] User found in users table
2026-06-15 11:51:32,634 INFO [LOGIN] Hash check result: True
2026-06-15 11:51:32,635 INFO [LOGIN SUCCESS] User 'Pooja1@gmail.com' logged in successfully
2026-06-15 11:52:03,698 INFO [LOGOUT] User 'pooja1@gmail.com' logged out
2026-06-15 11:52:23,176 INFO [LOGIN] Attempt: email/username='Hiren1@gmail.com', password=****************
2026-06-15 11:52:23,188 INFO [LOGIN] User found in users table
2026-06-15 11:52:23,407 INFO [LOGIN] Hash check result: False
2026-06-15 11:52:23,407 INFO [LOGIN] Fallback check result: False
2026-06-15 11:52:23,408 WARNING [LOGIN FAILED] Invalid credentials for 'Hiren1@gmail.com'
2026-06-15 11:52:24,034 INFO [LOGIN] Attempt: email/username='Hiren1@gmail.com', password=****************
2026-06-15 11:52:24,045 INFO [LOGIN] User found in users table
2026-06-15 11:52:24,270 INFO [LOGIN] Hash check result: False
2026-06-15 11:52:24,271 INFO [LOGIN] Fallback check result: False
2026-06-15 11:52:24,272 WARNING [LOGIN FAILED] Invalid credentials for 'Hiren1@gmail.com'
2026-06-15 11:52:24,299 INFO [LOGIN] Attempt: email/username='Hiren1@gmail.com', password=****************
2026-06-15 11:52:24,310 INFO [LOGIN] User found in users table
2026-06-15 11:52:24,531 INFO [LOGIN] Hash check result: False
2026-06-15 11:52:24,531 INFO [LOGIN] Fallback check result: False
2026-06-15 11:52:24,532 WARNING [LOGIN FAILED] Invalid credentials for 'Hiren1@gmail.com'
2026-06-15 11:52:24,610 INFO [LOGIN] Attempt: email/username='Hiren1@gmail.com', password=****************
2026-06-15 11:52:24,621 INFO [LOGIN] User found in users table
2026-06-15 11:52:24,839 INFO [LOGIN] Hash check result: False
2026-06-15 11:52:24,840 INFO [LOGIN] Fallback check result: False
2026-06-15 11:52:24,841 WARNING [LOGIN FAILED] Invalid credentials for 'Hiren1@gmail.com'
2026-06-15 11:52:24,926 INFO [LOGIN] Attempt: email/username='Hiren1@gmail.com', password=****************
2026-06-15 11:52:24,938 INFO [LOGIN] User found in users table
2026-06-15 11:52:25,140 INFO [LOGIN] Hash check result: False
2026-06-15 11:52:25,141 INFO [LOGIN] Fallback check result: False
2026-06-15 11:52:25,141 WARNING [LOGIN FAILED] Invalid credentials for 'Hiren1@gmail.com'
2026-06-15 11:52:25,451 INFO [LOGIN] Attempt: email/username='Hiren1@gmail.com', password=****************
2026-06-15 11:52:25,462 INFO [LOGIN] User found in users table
2026-06-15 11:52:25,673 INFO [LOGIN] Hash check result: False
2026-06-15 11:52:25,673 INFO [LOGIN] Fallback check result: False
2026-06-15 11:52:25,674 WARNING [LOGIN FAILED] Invalid credentials for 'Hiren1@gmail.com'
2026-06-15 11:52:25,697 INFO [LOGIN] Attempt: email/username='Hiren1@gmail.com', password=****************
2026-06-15 11:52:25,708 INFO [LOGIN] User found in users table
2026-06-15 11:52:25,919 INFO [LOGIN] Hash check result: False
2026-06-15 11:52:25,919 INFO [LOGIN] Fallback check result: False
2026-06-15 11:52:25,920 WARNING [LOGIN FAILED] Invalid credentials for 'Hiren1@gmail.com'
2026-06-15 11:52:25,936 INFO [LOGIN] Attempt: email/username='Hiren1@gmail.com', password=****************
2026-06-15 11:52:25,946 INFO [LOGIN] User found in users table
2026-06-15 11:52:26,165 INFO [LOGIN] Hash check result: False
2026-06-15 11:52:26,165 INFO [LOGIN] Fallback check result: False
2026-06-15 11:52:26,166 WARNING [LOGIN FAILED] Invalid credentials for 'Hiren1@gmail.com'
2026-06-15 11:52:26,178 INFO [LOGIN] Attempt: email/username='Hiren1@gmail.com', password=****************
2026-06-15 11:52:26,187 INFO [LOGIN] User found in users table
2026-06-15 11:52:26,393 INFO [LOGIN] Hash check result: False
2026-06-15 11:52:26,394 INFO [LOGIN] Fallback check result: False
2026-06-15 11:52:26,394 WARNING [LOGIN FAILED] Invalid credentials for 'Hiren1@gmail.com'
2026-06-15 11:52:26,430 INFO [LOGIN] Attempt: email/username='Hiren1@gmail.com', password=****************
2026-06-15 11:52:26,439 INFO [LOGIN] User found in users table
2026-06-15 11:52:26,644 INFO [LOGIN] Hash check result: False
2026-06-15 11:52:26,644 INFO [LOGIN] Fallback check result: False
2026-06-15 11:52:26,645 WARNING [LOGIN FAILED] Invalid credentials for 'Hiren1@gmail.com'
2026-06-15 11:56:07,029 INFO [LOGIN] Attempt: email/username='Hiren1@gmail.com', password=****************
2026-06-15 11:56:07,041 INFO [LOGIN] User found in users table
2026-06-15 11:56:07,265 INFO [LOGIN] Hash check result: False
2026-06-15 11:56:07,265 INFO [LOGIN] Fallback check result: False
2026-06-15 11:56:07,266 WARNING [LOGIN FAILED] Invalid credentials for 'Hiren1@gmail.com'
2026-06-15 11:56:32,148 INFO [LOGIN] Attempt: email/username='pooja1@gmail.com', password=****************
2026-06-15 11:56:32,160 INFO [LOGIN] User found in users table
2026-06-15 11:56:32,385 INFO [LOGIN] Hash check result: False
2026-06-15 11:56:32,386 INFO [LOGIN] Fallback check result: False
2026-06-15 11:56:32,386 WARNING [LOGIN FAILED] Invalid credentials for 'pooja1@gmail.com'
2026-06-15 11:56:33,033 INFO [LOGIN] Attempt: email/username='pooja1@gmail.com', password=****************
2026-06-15 11:56:33,044 INFO [LOGIN] User found in users table
2026-06-15 11:56:33,269 INFO [LOGIN] Hash check result: False
2026-06-15 11:56:33,269 INFO [LOGIN] Fallback check result: False
2026-06-15 11:56:33,270 WARNING [LOGIN FAILED] Invalid credentials for 'pooja1@gmail.com'
2026-06-15 11:56:33,311 INFO [LOGIN] Attempt: email/username='pooja1@gmail.com', password=****************
2026-06-15 11:56:33,321 INFO [LOGIN] User found in users table
2026-06-15 11:56:33,531 INFO [LOGIN] Hash check result: False
2026-06-15 11:56:33,532 INFO [LOGIN] Fallback check result: False
2026-06-15 11:56:33,532 WARNING [LOGIN FAILED] Invalid credentials for 'pooja1@gmail.com'
2026-06-15 11:56:33,676 INFO [LOGIN] Attempt: email/username='pooja1@gmail.com', password=****************
2026-06-15 11:56:33,687 INFO [LOGIN] User found in users table
2026-06-15 11:56:33,893 INFO [LOGIN] Hash check result: False
2026-06-15 11:56:33,894 INFO [LOGIN] Fallback check result: False
2026-06-15 11:56:33,894 WARNING [LOGIN FAILED] Invalid credentials for 'pooja1@gmail.com'
2026-06-15 11:56:33,913 INFO [LOGIN] Attempt: email/username='pooja1@gmail.com', password=****************
2026-06-15 11:56:33,923 INFO [LOGIN] User found in users table
2026-06-15 11:56:34,133 INFO [LOGIN] Hash check result: False
2026-06-15 11:56:34,134 INFO [LOGIN] Fallback check result: False
2026-06-15 11:56:34,134 WARNING [LOGIN FAILED] Invalid credentials for 'pooja1@gmail.com'
2026-06-15 11:56:39,060 INFO [LOGIN] Attempt: email/username='pooja1@gmail.com', password=****************
2026-06-15 11:56:39,072 INFO [LOGIN] User found in users table
2026-06-15 11:56:39,306 INFO [LOGIN] Hash check result: False
2026-06-15 11:56:39,306 INFO [LOGIN] Fallback check result: False
2026-06-15 11:56:39,307 WARNING [LOGIN FAILED] Invalid credentials for 'pooja1@gmail.com'
2026-06-15 11:59:31,684 INFO Logging initialized. Error file: C:\Users\pooja\Desktop\myproject\logs\error.log
2026-06-15 12:08:23,865 INFO Logging initialized. Error file: C:\Users\pooja\Desktop\myproject\logs\error.log
2026-06-15 12:08:33,649 INFO Logging initialized. Error file: C:\Users\pooja\Desktop\myproject\logs\error.log
2026-06-15 12:09:06,025 INFO [LOGIN] Attempt: email/username='pooja1@gmail.com', password=****************
2026-06-15 12:09:06,038 INFO [LOGIN] User found in users table
2026-06-15 12:09:06,268 INFO [LOGIN] Hash check result: False
2026-06-15 12:09:06,268 INFO [LOGIN] Fallback check result: False
2026-06-15 12:09:06,269 WARNING [LOGIN FAILED] Invalid credentials for 'pooja1@gmail.com'
2026-06-15 12:09:07,576 INFO [LOGIN] Attempt: email/username='pooja1@gmail.com', password=****************
2026-06-15 12:09:07,587 INFO [LOGIN] User found in users table
2026-06-15 12:09:07,801 INFO [LOGIN] Hash check result: False
2026-06-15 12:09:07,802 INFO [LOGIN] Fallback check result: False
2026-06-15 12:09:07,802 WARNING [LOGIN FAILED] Invalid credentials for 'pooja1@gmail.com'
2026-06-15 12:09:07,900 INFO [LOGIN] Attempt: email/username='pooja1@gmail.com', password=****************
2026-06-15 12:09:07,918 INFO [LOGIN] User found in users table
2026-06-15 12:09:08,128 INFO [LOGIN] Hash check result: False
2026-06-15 12:09:08,128 INFO [LOGIN] Fallback check result: False
2026-06-15 12:09:08,129 WARNING [LOGIN FAILED] Invalid credentials for 'pooja1@gmail.com'
2026-06-15 12:09:08,185 INFO [LOGIN] Attempt: email/username='pooja1@gmail.com', password=****************
2026-06-15 12:09:08,195 INFO [LOGIN] User found in users table
2026-06-15 12:09:08,401 INFO [LOGIN] Hash check result: False
2026-06-15 12:09:08,401 INFO [LOGIN] Fallback check result: False
2026-06-15 12:09:08,402 WARNING [LOGIN FAILED] Invalid credentials for 'pooja1@gmail.com'
2026-06-15 12:09:08,461 INFO [LOGIN] Attempt: email/username='pooja1@gmail.com', password=****************
2026-06-15 12:09:08,472 INFO [LOGIN] User found in users table
2026-06-15 12:09:08,684 INFO [LOGIN] Hash check result: False
2026-06-15 12:09:08,684 INFO [LOGIN] Fallback check result: False
2026-06-15 12:09:08,685 WARNING [LOGIN FAILED] Invalid credentials for 'pooja1@gmail.com'
2026-06-15 12:09:08,829 INFO [LOGIN] Attempt: email/username='pooja1@gmail.com', password=****************
2026-06-15 12:09:08,847 INFO [LOGIN] User found in users table
2026-06-15 12:09:09,060 INFO [LOGIN] Hash check result: False
2026-06-15 12:09:09,060 INFO [LOGIN] Fallback check result: False
2026-06-15 12:09:09,061 WARNING [LOGIN FAILED] Invalid credentials for 'pooja1@gmail.com'
2026-06-15 12:09:09,570 INFO [LOGIN] Attempt: email/username='pooja1@gmail.com', password=****************
2026-06-15 12:09:09,580 INFO [LOGIN] User found in users table
2026-06-15 12:09:09,796 INFO [LOGIN] Hash check result: False
2026-06-15 12:09:09,797 INFO [LOGIN] Fallback check result: False
2026-06-15 12:09:09,797 WARNING [LOGIN FAILED] Invalid credentials for 'pooja1@gmail.com'
2026-06-15 12:09:11,379 INFO [LOGIN] Attempt: email/username='pooja1@gmail.com', password=****************
2026-06-15 12:09:11,402 INFO [LOGIN] User found in users table
2026-06-15 12:09:11,620 INFO [LOGIN] Hash check result: False
2026-06-15 12:09:11,620 INFO [LOGIN] Fallback check result: False
2026-06-15 12:09:11,621 WARNING [LOGIN FAILED] Invalid credentials for 'pooja1@gmail.com'
2026-06-15 12:10:58,267 INFO [LOGIN] Attempt: email/username='Pooja1@gmail.com', password=****************
2026-06-15 12:10:58,281 INFO [LOGIN] User found in users table
2026-06-15 12:10:58,513 INFO [LOGIN] Hash check result: False
2026-06-15 12:10:58,514 INFO [LOGIN] Fallback check result: False
2026-06-15 12:10:58,514 ERROR Error during login: Unread result found
2026-06-15 12:11:47,145 INFO [LOGIN] Attempt: email/username='Pooja1@gmail.com', password=****************
2026-06-15 12:11:47,155 INFO [LOGIN] User found in users table
2026-06-15 12:11:47,384 INFO [LOGIN] Hash check result: False
2026-06-15 12:11:47,384 INFO [LOGIN] Fallback check result: False
2026-06-15 12:11:47,384 ERROR Error during login: Unread result found
2026-06-15 12:12:21,477 INFO [LOGIN] Attempt: email/username='Pooja1@gmail.com', password=****************
2026-06-15 12:12:21,490 INFO [LOGIN] User found in users table
2026-06-15 12:12:21,714 INFO [LOGIN] Hash check result: False
2026-06-15 12:12:21,715 INFO [LOGIN] Fallback check result: False
2026-06-15 12:12:21,715 ERROR Error during login: Unread result found
2026-06-15 12:12:22,550 INFO [LOGIN] Attempt: email/username='Pooja1@gmail.com', password=****************
2026-06-15 12:12:22,563 INFO [LOGIN] User found in users table
2026-06-15 12:12:22,787 INFO [LOGIN] Hash check result: False
2026-06-15 12:12:22,787 INFO [LOGIN] Fallback check result: False
2026-06-15 12:12:22,787 ERROR Error during login: Unread result found
2026-06-15 12:12:22,970 INFO [LOGIN] Attempt: email/username='Pooja1@gmail.com', password=****************
2026-06-15 12:12:22,982 INFO [LOGIN] User found in users table
2026-06-15 12:12:23,214 INFO [LOGIN] Hash check result: False
2026-06-15 12:12:23,214 INFO [LOGIN] Fallback check result: False
2026-06-15 12:12:23,214 ERROR Error during login: Unread result found
2026-06-15 12:12:26,975 INFO [LOGIN] Attempt: email/username='Pooja1@gmail.com', password=****************
2026-06-15 12:12:26,986 INFO [LOGIN] User found in users table
2026-06-15 12:12:27,212 INFO [LOGIN] Hash check result: False
2026-06-15 12:12:27,213 INFO [LOGIN] Fallback check result: False
2026-06-15 12:12:27,213 ERROR Error during login: Unread result found
2026-06-15 12:12:27,875 INFO [LOGIN] Attempt: email/username='Pooja1@gmail.com', password=****************
2026-06-15 12:12:27,884 INFO [LOGIN] User found in users table
2026-06-15 12:12:28,102 INFO [LOGIN] Hash check result: False
2026-06-15 12:12:28,103 INFO [LOGIN] Fallback check result: False
2026-06-15 12:12:28,103 ERROR Error during login: Unread result found
2026-06-15 12:12:28,248 INFO [LOGIN] Attempt: email/username='Pooja1@gmail.com', password=****************
2026-06-15 12:12:28,259 INFO [LOGIN] User found in users table
2026-06-15 12:12:28,481 INFO [LOGIN] Hash check result: False
2026-06-15 12:12:28,481 INFO [LOGIN] Fallback check result: False
2026-06-15 12:12:28,481 ERROR Error during login: Unread result found
2026-06-15 12:12:28,587 INFO [LOGIN] Attempt: email/username='Pooja1@gmail.com', password=****************
2026-06-15 12:12:28,597 INFO [LOGIN] User found in users table
2026-06-15 12:12:28,814 INFO [LOGIN] Hash check result: False
2026-06-15 12:12:28,814 INFO [LOGIN] Fallback check result: False
2026-06-15 12:12:28,814 ERROR Error during login: Unread result found
2026-06-15 12:12:28,948 INFO [LOGIN] Attempt: email/username='Pooja1@gmail.com', password=****************
2026-06-15 12:12:28,959 INFO [LOGIN] User found in users table
2026-06-15 12:12:29,183 INFO [LOGIN] Hash check result: False
2026-06-15 12:12:29,184 INFO [LOGIN] Fallback check result: False
2026-06-15 12:12:29,184 ERROR Error during login: Unread result found
2026-06-15 12:12:29,293 INFO [LOGIN] Attempt: email/username='Pooja1@gmail.com', password=****************
2026-06-15 12:12:29,302 INFO [LOGIN] User found in users table
2026-06-15 12:12:29,521 INFO [LOGIN] Hash check result: False
2026-06-15 12:12:29,521 INFO [LOGIN] Fallback check result: False
2026-06-15 12:12:29,522 ERROR Error during login: Unread result found
2026-06-15 12:13:31,963 INFO [LOGIN] Attempt: email/username='Hiren1@gmail.com', password=****************
2026-06-15 12:13:31,975 INFO [LOGIN] User found in users table
2026-06-15 12:13:32,195 INFO [LOGIN] Hash check result: False
2026-06-15 12:13:32,196 INFO [LOGIN] Fallback check result: False
2026-06-15 12:13:32,197 WARNING [LOGIN FAILED] Invalid credentials for 'Hiren1@gmail.com'
2026-06-15 12:13:34,342 INFO [LOGIN] Attempt: email/username='Hiren1@gmail.com', password=****************
2026-06-15 12:13:34,353 INFO [LOGIN] User found in users table
2026-06-15 12:13:34,586 INFO [LOGIN] Hash check result: False
2026-06-15 12:13:34,586 INFO [LOGIN] Fallback check result: False
2026-06-15 12:13:34,587 WARNING [LOGIN FAILED] Invalid credentials for 'Hiren1@gmail.com'
2026-06-15 12:13:34,748 INFO [LOGIN] Attempt: email/username='Hiren1@gmail.com', password=****************
2026-06-15 12:13:34,760 INFO [LOGIN] User found in users table
2026-06-15 12:13:34,978 INFO [LOGIN] Hash check result: False
2026-06-15 12:13:34,978 INFO [LOGIN] Fallback check result: False
2026-06-15 12:13:34,978 WARNING [LOGIN FAILED] Invalid credentials for 'Hiren1@gmail.com'
2026-06-15 12:13:36,080 INFO [LOGIN] Attempt: email/username='Hiren1@gmail.com', password=****************
2026-06-15 12:13:36,096 INFO [LOGIN] User found in users table
2026-06-15 12:13:36,314 INFO [LOGIN] Hash check result: False
2026-06-15 12:13:36,315 INFO [LOGIN] Fallback check result: False
2026-06-15 12:13:36,315 WARNING [LOGIN FAILED] Invalid credentials for 'Hiren1@gmail.com'
2026-06-15 14:54:25,507 INFO Logging initialized. Error file: C:\Users\pooja\Desktop\myproject\logs\error.log
2026-06-15 14:54:35,429 INFO Logging initialized. Error file: C:\Users\pooja\Desktop\myproject\logs\error.log
2026-06-15 14:55:05,101 INFO Logging initialized. Error file: C:\Users\pooja\Desktop\myproject\logs\error.log
2026-06-15 14:55:15,153 INFO Logging initialized. Error file: C:\Users\pooja\Desktop\myproject\logs\error.log
2026-06-15 14:57:21,354 INFO Logging initialized. Error file: C:\Users\pooja\Desktop\myproject\logs\error.log
2026-06-15 14:57:32,026 INFO Logging initialized. Error file: C:\Users\pooja\Desktop\myproject\logs\error.log
2026-06-15 14:59:19,392 INFO [LOGIN] Attempt: email/username='Tanna1@gamil.com', password=****************
2026-06-15 14:59:19,405 INFO [LOGIN] User found in users table
2026-06-15 14:59:19,616 INFO [LOGIN] Hash check result: True
2026-06-15 14:59:19,617 INFO [LOGIN SUCCESS] User 'Tanna1@gamil.com' logged in successfully
2026-06-15 15:00:17,825 INFO [LOGOUT] User 'tanna1@gamil.com' logged out
2026-06-15 15:00:26,094 INFO [LOGIN] Attempt: email/username='Tanna1@gamil.com', password=****************
2026-06-15 15:00:26,106 INFO [LOGIN] User found in users table
2026-06-15 15:00:26,323 INFO [LOGIN] Hash check result: True
2026-06-15 15:00:26,324 INFO [LOGIN SUCCESS] User 'Tanna1@gamil.com' logged in successfully
2026-06-15 15:02:26,030 INFO [LOGIN] Attempt: email/username='Tanna1@gamil.com', password=****************
2026-06-15 15:02:26,041 INFO [LOGIN] User found in users table
2026-06-15 15:02:26,259 INFO [LOGIN] Hash check result: True
2026-06-15 15:02:26,260 INFO [LOGIN SUCCESS] User 'Tanna1@gamil.com' logged in successfully
2026-06-15 15:06:15,881 INFO [LOGOUT] User 'tanna1@gamil.com' logged out
2026-06-15 15:08:25,031 INFO [LOGIN] Attempt: email/username='Tanna1@gamil.com', password=****************
2026-06-15 15:08:25,041 INFO [LOGIN] User found in users table
2026-06-15 15:08:25,270 INFO [LOGIN] Hash check result: True
2026-06-15 15:08:25,271 INFO [LOGIN SUCCESS] User 'Tanna1@gamil.com' logged in successfully
2026-06-15 15:09:30,373 INFO [LOGOUT] User 'tanna1@gamil.com' logged out
2026-06-15 15:09:43,183 INFO [LOGIN] Attempt: email/username='Devangi1@gmail.com', password=******************
2026-06-15 15:09:43,195 INFO [LOGIN] User found in users table
2026-06-15 15:09:43,412 INFO [LOGIN] Hash check result: True
2026-06-15 15:09:43,413 INFO [LOGIN SUCCESS] User 'Devangi1@gmail.com' logged in successfully
2026-06-15 15:09:59,592 INFO [LOGOUT] User 'devangi1@gmail.com' logged out
2026-06-15 15:10:08,542 INFO [LOGIN] Attempt: email/username='Devangi1@gmail.com', password=******************
2026-06-15 15:10:08,553 INFO [LOGIN] User found in users table
2026-06-15 15:10:08,772 INFO [LOGIN] Hash check result: True
2026-06-15 15:10:08,773 INFO [LOGIN SUCCESS] User 'Devangi1@gmail.com' logged in successfully
2026-06-15 15:11:13,080 INFO [LOGOUT] User 'devangi1@gmail.com' logged out
2026-06-15 15:11:29,640 INFO [LOGIN] Attempt: email/username='Tanna1@gamil.com', password=****************
2026-06-15 15:11:29,650 INFO [LOGIN] User found in users table
2026-06-15 15:11:29,863 INFO [LOGIN] Hash check result: True
2026-06-15 15:11:29,864 INFO [LOGIN SUCCESS] User 'Tanna1@gamil.com' logged in successfully
2026-06-15 15:28:56,088 INFO [LOGOUT] User 'tanna1@gamil.com' logged out
2026-06-15 15:29:03,661 INFO [LOGIN] Attempt: email/username='Hello1@gmail.com', password=****************
2026-06-15 15:29:03,673 INFO [LOGIN] User found in users table
2026-06-15 15:29:03,898 INFO [LOGIN] Hash check result: True
2026-06-15 15:29:03,899 INFO [LOGIN SUCCESS] User 'Hello1@gmail.com' logged in successfully
2026-06-15 15:29:12,510 INFO [LOGOUT] User 'hello1@gmail.com' logged out
2026-06-15 15:29:20,907 INFO [LOGIN] Attempt: email/username='Devangi1@gmail.com', password=******************
2026-06-15 15:29:20,918 INFO [LOGIN] User found in users table
2026-06-15 15:29:21,133 INFO [LOGIN] Hash check result: True
2026-06-15 15:29:21,134 INFO [LOGIN SUCCESS] User 'Devangi1@gmail.com' logged in successfully
2026-06-15 15:31:26,942 INFO [LOGOUT] User 'devangi1@gmail.com' logged out
2026-06-15 15:31:46,559 INFO [LOGIN] Attempt: email/username='Devangi1@gmail.com', password=******************
2026-06-15 15:31:46,572 INFO [LOGIN] User found in users table
2026-06-15 15:31:46,789 INFO [LOGIN] Hash check result: True
2026-06-15 15:31:46,790 INFO [LOGIN SUCCESS] User 'Devangi1@gmail.com' logged in successfully
2026-06-16 12:37:29,948 INFO Logging initialized. Error file: C:\Users\pooja\Desktop\myproject\logs\error.log
2026-06-16 12:37:38,206 INFO Logging initialized. Error file: C:\Users\pooja\Desktop\myproject\logs\error.log
2026-06-16 12:41:34,245 INFO [LOGOUT] User 'devangi1@gmail.com' logged out
2026-06-16 12:41:41,528 INFO [LOGIN] Attempt: email/username='Hhey1@gmail.com', password=***************
2026-06-16 12:41:41,539 INFO [LOGIN] User found in users table
2026-06-16 12:41:41,753 INFO [LOGIN] Hash check result: True
2026-06-16 12:41:41,754 INFO [LOGIN SUCCESS] User 'Hhey1@gmail.com' logged in successfully
2026-06-16 12:52:00,805 INFO [LOGOUT] User 'hhey1@gmail.com' logged out
2026-06-16 12:52:08,084 INFO [LOGIN] Attempt: email/username='Hhey1@gmail.com', password=***************
2026-06-16 12:52:08,095 INFO [LOGIN] User found in users table
2026-06-16 12:52:08,317 INFO [LOGIN] Hash check result: True
2026-06-16 12:52:08,317 ERROR Error during login: Unread result found
2026-06-16 12:52:10,917 INFO [LOGIN] Attempt: email/username='Hhey1@gmail.com', password=***************
2026-06-16 12:52:10,927 INFO [LOGIN] User found in users table
2026-06-16 12:52:11,146 INFO [LOGIN] Hash check result: True
2026-06-16 12:52:11,146 ERROR Error during login: Unread result found
2026-06-16 14:20:47,464 INFO [LOGIN] Attempt: email/username='Hhey1@gmail.com', password=***************
2026-06-16 14:20:47,470 INFO [LOGIN] User found in users table
2026-06-16 14:20:47,601 INFO [LOGIN] Hash check result: True
2026-06-16 14:20:47,602 ERROR Error during login: Unread result found
2026-06-16 14:21:16,960 INFO [LOGIN] Attempt: email/username='Hhey1@gmail.com', password=***************
2026-06-16 14:21:16,965 INFO [LOGIN] User found in users table
2026-06-16 14:21:17,088 INFO [LOGIN] Hash check result: True
2026-06-16 14:21:17,089 ERROR Error during login: Unread result found
2026-06-16 14:22:02,091 INFO [LOGIN] Attempt: email/username='Sjd2@gmail.com', password=**************
2026-06-16 14:22:02,098 INFO [LOGIN] User found in users table
2026-06-16 14:22:02,217 INFO [LOGIN] Hash check result: True
2026-06-16 14:22:02,217 INFO [LOGIN SUCCESS] User 'Sjd2@gmail.com' logged in successfully
2026-06-16 14:40:23,763 INFO Logging initialized. Error file: C:\Users\pooja\Desktop\myproject\logs\error.log
2026-06-16 14:40:43,035 INFO Logging initialized. Error file: C:\Users\pooja\Desktop\myproject\logs\error.log
2026-06-16 14:41:14,343 INFO Logging initialized. Error file: C:\Users\pooja\Desktop\myproject\logs\error.log
2026-06-16 14:42:52,832 INFO Logging initialized. Error file: C:\Users\pooja\Desktop\myproject\logs\error.log
2026-06-16 14:43:07,919 INFO Logging initialized. Error file: C:\Users\pooja\Desktop\myproject\logs\error.log
2026-06-16 14:43:26,122 INFO Logging initialized. Error file: C:\Users\pooja\Desktop\myproject\logs\error.log
2026-06-16 14:44:01,237 INFO Logging initialized. Error file: C:\Users\pooja\Desktop\myproject\logs\error.log
2026-06-16 14:44:24,267 INFO Logging initialized. Error file: C:\Users\pooja\Desktop\myproject\logs\error.log
2026-06-16 14:47:10,505 INFO Logging initialized. Error file: C:\Users\pooja\Desktop\myproject\logs\error.log
2026-06-16 15:26:50,667 INFO Logging initialized. Error file: C:\Users\pooja\Desktop\myproject\logs\error.log
2026-06-16 15:27:02,703 INFO Logging initialized. Error file: C:\Users\pooja\Desktop\myproject\logs\error.log
2026-06-16 15:31:23,271 INFO [LOGOUT] User 'sjd2@gmail.com' logged out
2026-06-16 15:31:29,406 INFO [LOGIN] Attempt: email/username='You1@gmail.com', password=**************
2026-06-16 15:31:29,416 INFO [LOGIN] User found in users table
2026-06-16 15:31:29,634 INFO [LOGIN] Hash check result: True
2026-06-16 15:31:29,634 INFO [LOGIN SUCCESS] User 'You1@gmail.com' logged in successfully
2026-06-16 15:31:51,337 INFO [LOGOUT] User 'you1@gmail.com' logged out
2026-06-16 15:31:58,822 INFO [LOGIN] Attempt: email/username='You1@gmail.com', password=**************
2026-06-16 15:31:58,833 INFO [LOGIN] User found in users table
2026-06-16 15:31:59,075 INFO [LOGIN] Hash check result: True
2026-06-16 15:31:59,076 INFO [LOGIN SUCCESS] User 'You1@gmail.com' logged in successfully
2026-06-17 11:32:27,224 INFO Logging initialized. Error file: C:\Users\pooja\Desktop\myproject\logs\error.log
2026-06-17 11:32:35,595 INFO Logging initialized. Error file: C:\Users\pooja\Desktop\myproject\logs\error.log
2026-06-17 12:06:45,151 INFO [LOGOUT] User 'you1@gmail.com' logged out
2026-06-17 12:07:03,709 INFO [LOGIN] Attempt: email/username='You1@gmail.com', password=**************
2026-06-17 12:07:03,715 INFO [LOGIN] User found in users table
2026-06-17 12:07:03,835 INFO [LOGIN] Hash check result: False
2026-06-17 12:07:03,835 INFO [LOGIN] Fallback check result: False
2026-06-17 12:07:03,836 WARNING [LOGIN FAILED] Invalid credentials for 'You1@gmail.com'
2026-06-17 12:07:16,396 INFO [LOGIN] Attempt: email/username='You1@gmail.com', password=**************
2026-06-17 12:07:16,404 INFO [LOGIN] User found in users table
2026-06-17 12:07:16,528 INFO [LOGIN] Hash check result: False
2026-06-17 12:07:16,528 INFO [LOGIN] Fallback check result: False
2026-06-17 12:07:16,528 WARNING [LOGIN FAILED] Invalid credentials for 'You1@gmail.com'
2026-06-17 12:07:18,819 INFO [LOGIN] Attempt: email/username='You1@gmail.com', password=**************
2026-06-17 12:07:18,825 INFO [LOGIN] User found in users table
2026-06-17 12:07:18,946 INFO [LOGIN] Hash check result: False
2026-06-17 12:07:18,946 INFO [LOGIN] Fallback check result: False
2026-06-17 12:07:18,947 WARNING [LOGIN FAILED] Invalid credentials for 'You1@gmail.com'
2026-06-17 12:14:45,446 INFO [LOGIN] Attempt: email/username='CINOVIC12@GMAIL.COM', password=*******************
2026-06-17 12:14:45,452 INFO [LOGIN] User found in users table
2026-06-17 12:14:45,576 INFO [LOGIN] Hash check result: False
2026-06-17 12:14:45,576 INFO [LOGIN] Fallback check result: False
2026-06-17 12:14:45,576 ERROR Error during login: Unread result found
2026-06-17 12:14:48,950 INFO [LOGIN] Attempt: email/username='CINOVIC12@GMAIL.COM', password=*******************
2026-06-17 12:14:48,960 INFO [LOGIN] User found in users table
2026-06-17 12:14:49,082 INFO [LOGIN] Hash check result: False
2026-06-17 12:14:49,082 INFO [LOGIN] Fallback check result: False
2026-06-17 12:14:49,082 ERROR Error during login: Unread result found
2026-06-17 12:14:49,228 INFO [LOGIN] Attempt: email/username='CINOVIC12@GMAIL.COM', password=*******************
2026-06-17 12:14:49,235 INFO [LOGIN] User found in users table
2026-06-17 12:14:49,355 INFO [LOGIN] Hash check result: False
2026-06-17 12:14:49,355 INFO [LOGIN] Fallback check result: False
2026-06-17 12:14:49,355 ERROR Error during login: Unread result found
2026-06-17 12:14:49,566 INFO [LOGIN] Attempt: email/username='CINOVIC12@GMAIL.COM', password=*******************
2026-06-17 12:14:49,572 INFO [LOGIN] User found in users table
2026-06-17 12:14:49,695 INFO [LOGIN] Hash check result: False
2026-06-17 12:14:49,696 INFO [LOGIN] Fallback check result: False
2026-06-17 12:14:49,696 ERROR Error during login: Unread result found
2026-06-17 12:14:49,974 INFO [LOGIN] Attempt: email/username='CINOVIC12@GMAIL.COM', password=*******************
2026-06-17 12:14:49,981 INFO [LOGIN] User found in users table
2026-06-17 12:14:50,102 INFO [LOGIN] Hash check result: False
2026-06-17 12:14:50,102 INFO [LOGIN] Fallback check result: False
2026-06-17 12:14:50,102 ERROR Error during login: Unread result found
2026-06-17 12:17:10,599 INFO [LOGIN] Attempt: email/username='JAYVEER122@GMAIL.COM', password=********************
2026-06-17 12:17:10,615 INFO [LOGIN] User found in users table
2026-06-17 12:17:10,745 INFO [LOGIN] Hash check result: True
2026-06-17 12:17:10,746 INFO [LOGIN SUCCESS] User 'JAYVEER122@GMAIL.COM' logged in successfully
2026-06-17 12:52:57,381 INFO [LOGOUT] User 'jayveer122@gmail.com' logged out
2026-06-17 12:53:04,572 INFO [LOGIN] Attempt: email/username='POPO2@GMAIL.COM', password=***************
2026-06-17 12:53:04,579 INFO [LOGIN] User found in users table
2026-06-17 12:53:04,969 INFO [LOGIN] Hash check result: True
2026-06-17 12:53:04,970 INFO [LOGIN SUCCESS] User 'POPO2@GMAIL.COM' logged in successfully
2026-06-17 15:11:06,316 INFO [LOGOUT] User 'popo2@gmail.com' logged out
2026-06-17 15:11:30,583 INFO [LOGIN] Attempt: email/username='POPO2@gmail.com', password=***************
2026-06-17 15:11:30,595 INFO [LOGIN] User found in users table
2026-06-17 15:11:30,809 INFO [LOGIN] Hash check result: False
2026-06-17 15:11:30,809 INFO [LOGIN] Fallback check result: False
2026-06-17 15:11:30,810 WARNING [LOGIN FAILED] Invalid credentials for 'POPO2@gmail.com'
2026-06-17 15:11:40,691 INFO [LOGIN] Attempt: email/username='POPO2@gmail.com', password=***************
2026-06-17 15:11:40,703 INFO [LOGIN] User found in users table
2026-06-17 15:11:40,937 INFO [LOGIN] Hash check result: False
2026-06-17 15:11:40,937 INFO [LOGIN] Fallback check result: False
2026-06-17 15:11:40,938 WARNING [LOGIN FAILED] Invalid credentials for 'POPO2@gmail.com'
2026-06-17 15:16:17,003 INFO [LOGIN] Attempt: email/username='RUCHIT2@GMAIL.COM', password=*****************
2026-06-17 15:16:17,014 INFO [LOGIN] User found in users table
2026-06-17 15:16:17,228 INFO [LOGIN] Hash check result: True
2026-06-17 15:16:17,229 INFO [LOGIN SUCCESS] User 'RUCHIT2@GMAIL.COM' logged in successfully
2026-06-18 12:30:37,431 INFO Logging initialized. Error file: C:\Users\pooja\Desktop\myproject\logs\error.log
2026-06-18 12:30:49,327 INFO Logging initialized. Error file: C:\Users\pooja\Desktop\myproject\logs\error.log
2026-06-18 12:32:09,146 INFO [LOGOUT] User 'ruchit2@gmail.com' logged out
2026-06-18 12:32:21,875 INFO [LOGIN] Attempt: email/username='NIKHIL1@GMAIL.COM', password=*****************
2026-06-18 12:32:21,886 INFO [LOGIN] User found in users table
2026-06-18 12:32:22,105 INFO [LOGIN] Hash check result: False
2026-06-18 12:32:22,105 INFO [LOGIN] Fallback check result: False
2026-06-18 12:32:22,105 ERROR Error during login: Unread result found
2026-06-18 12:32:27,384 INFO [LOGIN] Attempt: email/username='NIKHIL1@GMAIL.COM', password=*****************
2026-06-18 12:32:27,394 INFO [LOGIN] User found in users table
2026-06-18 12:32:27,608 INFO [LOGIN] Hash check result: False
2026-06-18 12:32:27,609 INFO [LOGIN] Fallback check result: False
2026-06-18 12:32:27,609 ERROR Error during login: Unread result found
2026-06-18 12:32:39,851 INFO [LOGIN] Attempt: email/username='NIKHIL1@GMAIL.COM', password=*****************
2026-06-18 12:32:39,861 INFO [LOGIN] User found in users table
2026-06-18 12:32:40,078 INFO [LOGIN] Hash check result: False
2026-06-18 12:32:40,078 INFO [LOGIN] Fallback check result: False
2026-06-18 12:32:40,078 ERROR Error during login: Unread result found
2026-06-18 12:33:35,471 INFO [LOGIN] Attempt: email/username='PWPW122@GMAIL.COM', password=*****************
2026-06-18 12:33:35,484 INFO [LOGIN] User found in users table
2026-06-18 12:33:35,705 INFO [LOGIN] Hash check result: True
2026-06-18 12:33:35,706 INFO [LOGIN SUCCESS] User 'PWPW122@GMAIL.COM' logged in successfully
2026-06-18 12:53:22,625 INFO [LOGOUT] User 'pwpw122@gmail.com' logged out
2026-06-18 12:53:34,855 INFO [LOGIN] Attempt: email/username='PWPW122@GMAIL.COM', password=*****************
2026-06-18 12:53:34,864 INFO [LOGIN] User found in users table
2026-06-18 12:53:35,078 INFO [LOGIN] Hash check result: True
2026-06-18 12:53:35,079 INFO [LOGIN SUCCESS] User 'PWPW122@GMAIL.COM' logged in successfully
2026-06-18 14:48:58,140 INFO Logging initialized. Error file: C:\Users\pooja\Desktop\myproject\logs\error.log
2026-06-18 14:49:10,390 INFO Logging initialized. Error file: C:\Users\pooja\Desktop\myproject\logs\error.log
2026-06-18 14:56:58,891 INFO Logging initialized. Error file: C:\Users\pooja\Desktop\myproject\logs\error.log
2026-06-18 14:57:11,361 INFO Logging initialized. Error file: C:\Users\pooja\Desktop\myproject\logs\error.log
2026-06-18 14:59:38,896 INFO [LOGOUT] User 'pwpw122@gmail.com' logged out
2026-06-18 14:59:54,501 INFO [LOGIN] Attempt: email/username='PWPW122@gmail.com', password=*****************
2026-06-18 14:59:54,511 INFO [LOGIN] User found in users table
2026-06-18 14:59:54,728 INFO [LOGIN] Hash check result: False
2026-06-18 14:59:54,729 INFO [LOGIN] Fallback check result: False
2026-06-18 14:59:54,729 WARNING [LOGIN FAILED] Invalid credentials for 'PWPW122@gmail.com'
2026-06-18 15:03:29,389 INFO [LOGIN] Attempt: email/username='Nikhil2@cinovic.com', password=*******************
2026-06-18 15:03:29,401 INFO [LOGIN] User found in users table
2026-06-18 15:03:29,618 INFO [LOGIN] Hash check result: True
2026-06-18 15:03:29,620 INFO [LOGIN SUCCESS] User 'Nikhil2@cinovic.com' logged in successfully
2026-06-18 15:03:58,855 INFO [LOGOUT] User 'nikhil2@cinovic.com' logged out
2026-06-18 15:04:18,213 INFO [LOGIN] Attempt: email/username='Nikhil2@cinovic.com', password=*******************
2026-06-18 15:04:18,220 INFO [LOGIN] User found in users table
2026-06-18 15:04:18,404 INFO [LOGIN] Hash check result: True
2026-06-18 15:04:18,404 INFO [LOGIN SUCCESS] User 'Nikhil2@cinovic.com' logged in successfully
2026-06-18 15:04:27,204 INFO [LOGOUT] User 'nikhil2@cinovic.com' logged out
2026-06-18 15:05:38,988 INFO [LOGIN] Attempt: email/username='Nikhil2@cinovic.com', password=*******************
2026-06-18 15:05:39,001 INFO [LOGIN] User found in users table
2026-06-18 15:05:39,219 INFO [LOGIN] Hash check result: True
2026-06-18 15:05:39,220 INFO [LOGIN SUCCESS] User 'Nikhil2@cinovic.com' logged in successfully
2026-06-18 15:06:34,259 INFO [LOGOUT] User 'nikhil2@cinovic.com' logged out
2026-06-18 15:06:49,850 INFO [LOGIN] Attempt: email/username='ashuss11@gmail.com', password=******************
2026-06-18 15:06:49,860 INFO [LOGIN] User found in users table
2026-06-18 15:06:50,082 INFO [LOGIN] Hash check result: False
2026-06-18 15:06:50,082 INFO [LOGIN] Fallback check result: False
2026-06-18 15:06:50,083 WARNING [LOGIN FAILED] Invalid credentials for 'ashuss11@gmail.com'
2026-06-18 15:07:26,384 INFO [LOGIN] Attempt: email/username='ashuss11@gmail.com', password=******************
2026-06-18 15:07:26,395 INFO [LOGIN] User found in users table
2026-06-18 15:07:26,619 INFO [LOGIN] Hash check result: True
2026-06-18 15:07:26,620 INFO [LOGIN SUCCESS] User 'ashuss11@gmail.com' logged in successfully
2026-06-18 15:32:01,819 INFO Logging initialized. Error file: C:\Users\pooja\Desktop\myproject\logs\error.log
2026-06-18 15:32:14,046 INFO Logging initialized. Error file: C:\Users\pooja\Desktop\myproject\logs\error.log
2026-06-18 15:34:43,097 INFO [LOGOUT] User 'ashuss11@gmail.com' logged out
2026-06-18 15:35:19,398 INFO [LOGIN] Attempt: email/username='kem@gmail.com', password=**************
2026-06-18 15:35:19,411 INFO [LOGIN] User found in users table
2026-06-18 15:35:19,634 INFO [LOGIN] Hash check result: False
2026-06-18 15:35:19,634 INFO [LOGIN] Fallback check result: False
2026-06-18 15:35:19,634 WARNING [LOGIN FAILED] Invalid credentials for 'kem@gmail.com'
2026-06-18 15:35:21,604 INFO [LOGIN] Attempt: email/username='kem@gmail.com', password=**************
2026-06-18 15:35:21,614 INFO [LOGIN] User found in users table
2026-06-18 15:35:21,822 INFO [LOGIN] Hash check result: False
2026-06-18 15:35:21,823 INFO [LOGIN] Fallback check result: False
2026-06-18 15:35:21,823 WARNING [LOGIN FAILED] Invalid credentials for 'kem@gmail.com'
2026-06-18 15:35:21,963 INFO [LOGIN] Attempt: email/username='kem@gmail.com', password=**************
2026-06-18 15:35:21,973 INFO [LOGIN] User found in users table
2026-06-18 15:35:22,183 INFO [LOGIN] Hash check result: False
2026-06-18 15:35:22,184 INFO [LOGIN] Fallback check result: False
2026-06-18 15:35:22,184 WARNING [LOGIN FAILED] Invalid credentials for 'kem@gmail.com'
2026-06-18 15:36:35,321 INFO [LOGIN] Attempt: email/username='CINOVIC1234@GMAIL.COM', password=*********************
2026-06-18 15:36:35,334 INFO [LOGIN] User found in users table
2026-06-18 15:36:35,543 INFO [LOGIN] Hash check result: True
2026-06-18 15:36:35,543 INFO [LOGIN SUCCESS] User 'CINOVIC1234@GMAIL.COM' logged in successfully
2026-06-18 15:36:38,714 INFO [LOGOUT] User 'cinovic1234@gmail.com' logged out
2026-06-18 15:37:29,405 INFO [LOGIN] Attempt: email/username='cinovic1234@gmail.com', password=*********************
2026-06-18 15:37:29,419 INFO [LOGIN] User found in users table
2026-06-18 15:37:29,637 INFO [LOGIN] Hash check result: True
2026-06-18 15:37:29,637 INFO [LOGIN SUCCESS] User 'cinovic1234@gmail.com' logged in successfully
2026-06-18 16:07:52,947 INFO Logging initialized. Error file: C:\Users\pooja\Desktop\myproject\logs\error.log
2026-06-18 16:08:16,323 INFO Logging initialized. Error file: C:\Users\pooja\Desktop\myproject\logs\error.log
2026-06-18 16:20:37,454 INFO Logging initialized. Error file: C:\Users\pooja\Desktop\myproject\logs\error.log
2026-06-18 16:22:39,713 INFO [LOGOUT] User 'cinovic1234@gmail.com' logged out
2026-06-18 16:22:56,605 INFO [LOGIN] Attempt: email/username='cinovic@gmail.com', password=*******************
2026-06-18 16:22:56,624 INFO [LOGIN] User found in users table
2026-06-18 16:22:56,855 INFO [LOGIN] Hash check result: True
2026-06-18 16:22:56,857 INFO [LOGIN SUCCESS] User 'cinovic@gmail.com' logged in successfully
2026-06-18 16:43:56,297 INFO [LOGOUT] User 'tanna1@gamil.com' logged out
2026-06-18 16:44:07,928 INFO [LOGIN] Attempt: email/username='soniipoojan@gmail.com', password=**********
2026-06-18 16:44:07,942 INFO [LOGIN] User found in users table
2026-06-18 16:44:08,178 INFO [LOGIN] Hash check result: True
2026-06-18 16:44:08,179 INFO [LOGIN SUCCESS] User 'soniipoojan@gmail.com' logged in successfully
2026-06-18 17:18:17,777 INFO Logging initialized. Error file: C:\Users\pooja\Desktop\myproject\logs\error.log
2026-06-18 17:18:30,796 INFO Logging initialized. Error file: C:\Users\pooja\Desktop\myproject\logs\error.log
2026-06-18 17:18:39,839 INFO Logging initialized. Error file: C:\Users\pooja\Desktop\myproject\logs\error.log
2026-06-18 17:18:50,451 INFO Logging initialized. Error file: C:\Users\pooja\Desktop\myproject\logs\error.log
2026-06-18 17:19:07,566 INFO Logging initialized. Error file: C:\Users\pooja\Desktop\myproject\logs\error.log
2026-06-18 17:19:15,774 INFO Logging initialized. Error file: C:\Users\pooja\Desktop\myproject\logs\error.log
2026-06-18 17:19:25,222 INFO Logging initialized. Error file: C:\Users\pooja\Desktop\myproject\logs\error.log
2026-06-18 17:19:41,641 INFO Logging initialized. Error file: C:\Users\pooja\Desktop\myproject\logs\error.log
2026-06-18 17:19:51,540 INFO Logging initialized. Error file: C:\Users\pooja\Desktop\myproject\logs\error.log
2026-06-18 17:20:56,521 INFO Logging initialized. Error file: C:\Users\pooja\Desktop\myproject\logs\error.log
2026-06-18 17:21:23,631 INFO Logging initialized. Error file: C:\Users\pooja\Desktop\myproject\logs\error.log
2026-06-18 17:21:35,457 INFO Logging initialized. Error file: C:\Users\pooja\Desktop\myproject\logs\error.log
2026-06-22 11:18:57,628 INFO Logging initialized. Error file: C:\Users\pooja\Desktop\myproject\logs\error.log
2026-06-22 11:18:58,725 INFO Logging initialized. Error file: C:\Users\pooja\Desktop\myproject\logs\error.log
2026-06-22 11:21:41,097 INFO Logging initialized. Error file: C:\Users\pooja\Desktop\myproject\logs\error.log
2026-06-22 11:21:42,162 INFO Logging initialized. Error file: C:\Users\pooja\Desktop\myproject\logs\error.log
2026-06-22 11:23:03,862 INFO Logging initialized. Error file: C:\Users\pooja\Desktop\myproject\logs\error.log
2026-06-22 11:23:04,929 INFO Logging initialized. Error file: C:\Users\pooja\Desktop\myproject\logs\error.log
2026-06-22 11:40:58,908 INFO Logging initialized. Error file: C:\Users\pooja\Desktop\myproject\logs\error.log
2026-06-22 11:41:00,057 INFO Logging initialized. Error file: C:\Users\pooja\Desktop\myproject\logs\error.log
2026-06-22 11:42:01,154 INFO Logging initialized. Error file: C:\Users\pooja\Desktop\myproject\logs\error.log
2026-06-22 11:42:02,231 INFO Logging initialized. Error file: C:\Users\pooja\Desktop\myproject\logs\error.log
2026-06-22 12:40:06,394 INFO Logging initialized. Error file: C:\Users\pooja\Desktop\myproject\logs\error.log
2026-06-22 12:40:08,434 INFO Logging initialized. Error file: C:\Users\pooja\Desktop\myproject\logs\error.log
2026-06-22 12:41:27,264 INFO Logging initialized. Error file: C:\Users\pooja\Desktop\myproject\logs\error.log
2026-06-22 12:41:29,310 INFO Logging initialized. Error file: C:\Users\pooja\Desktop\myproject\logs\error.log
2026-06-22 12:43:31,076 INFO Logging initialized. Error file: C:\Users\pooja\Desktop\myproject\logs\error.log
2026-06-22 12:48:55,149 INFO Logging initialized. Log file: C:\Users\pooja\Desktop\myproject\logs\error.log
2026-06-22 12:50:23,017 INFO [LOGOUT] User 'soniipoojan@gmail.com' logged out
2026-06-22 12:50:35,590 INFO [LOGIN] Attempt: email/username='Devangi1@gmail.com', password=******************
2026-06-22 12:50:35,669 INFO [LOGIN] User found in users table
2026-06-22 12:50:35,905 INFO [LOGIN] Hash check result: True
2026-06-22 12:50:35,906 INFO [LOGIN SUCCESS] User 'Devangi1@gmail.com' logged in successfully
2026-06-22 12:50:42,113 INFO [LOGOUT] User 'devangi1@gmail.com' logged out
2026-06-22 12:50:53,884 INFO [LOGIN] Attempt: email/username='Devangi1@gmail.com', password=******************
2026-06-22 12:50:53,953 INFO [LOGIN] User found in users table
2026-06-22 12:50:54,182 INFO [LOGIN] Hash check result: True
2026-06-22 12:50:54,183 INFO [LOGIN SUCCESS] User 'Devangi1@gmail.com' logged in successfully
2026-06-22 12:57:35,259 INFO Logging initialized. Log file: C:\Users\pooja\Desktop\myproject\logs\error.log
2026-06-22 14:21:31,240 INFO Logging initialized. Log file: C:\Users\pooja\Desktop\myproject\logs\error.log
2026-06-22 14:21:39,504 INFO Logging initialized. Log file: C:\Users\pooja\Desktop\myproject\logs\error.log
2026-06-22 14:21:47,727 INFO Logging initialized. Log file: C:\Users\pooja\Desktop\myproject\logs\error.log
2026-06-22 14:21:54,869 INFO Logging initialized. Log file: C:\Users\pooja\Desktop\myproject\logs\error.log
2026-06-22 14:23:52,191 INFO Logging initialized. Log file: C:\Users\pooja\Desktop\myproject\logs\error.log
2026-06-22 14:24:00,406 INFO Logging initialized. Log file: C:\Users\pooja\Desktop\myproject\logs\error.log
2026-06-22 14:24:04,283 INFO Logging initialized. Log file: C:\Users\pooja\Desktop\myproject\logs\error.log
2026-06-22 14:24:08,078 INFO Logging initialized. Log file: C:\Users\pooja\Desktop\myproject\logs\error.log
2026-06-22 14:24:13,015 INFO Logging initialized. Log file: C:\Users\pooja\Desktop\myproject\logs\error.log
2026-06-22 14:24:15,708 INFO Logging initialized. Log file: C:\Users\pooja\Desktop\myproject\logs\error.log
2026-06-22 14:24:21,724 INFO Logging initialized. Log file: C:\Users\pooja\Desktop\myproject\logs\error.log
2026-06-22 14:24:26,789 INFO Logging initialized. Log file: C:\Users\pooja\Desktop\myproject\logs\error.log
2026-06-22 14:24:29,568 INFO Logging initialized. Log file: C:\Users\pooja\Desktop\myproject\logs\error.log
2026-06-22 14:24:48,540 INFO Logging initialized. Log file: C:\Users\pooja\Desktop\myproject\logs\error.log
2026-06-22 14:31:41,725 INFO [LOGIN] Attempt: email/username='devangi122@gmail.com', password=********************
2026-06-22 14:31:41,761 INFO [LOGIN] User found in users table
2026-06-22 14:31:41,908 INFO [LOGIN] Hash check result: False
2026-06-22 14:31:41,909 INFO [LOGIN] Fallback plain-text check result: False
2026-06-22 14:31:41,909 WARNING [LOGIN FAILED] Invalid credentials for 'devangi122@gmail.com'
2026-06-22 14:31:43,364 INFO [LOGIN] Attempt: email/username='devangi122@gmail.com', password=********************
2026-06-22 14:31:43,400 INFO [LOGIN] User found in users table
2026-06-22 14:31:43,527 INFO [LOGIN] Hash check result: False
2026-06-22 14:31:43,527 INFO [LOGIN] Fallback plain-text check result: False
2026-06-22 14:31:43,527 WARNING [LOGIN FAILED] Invalid credentials for 'devangi122@gmail.com'
2026-06-22 14:32:13,587 INFO [LOGIN] Attempt: email/username='devangi122@gmail.com', password=*********************
2026-06-22 14:32:13,623 INFO [LOGIN] User found in users table
2026-06-22 14:32:13,785 INFO [LOGIN] Hash check result: False
2026-06-22 14:32:13,785 INFO [LOGIN] Fallback plain-text check result: False
2026-06-22 14:32:13,785 WARNING [LOGIN FAILED] Invalid credentials for 'devangi122@gmail.com'
2026-06-22 14:33:28,779 INFO [LOGIN] Attempt: email/username='Hey99@gmail.com', password=***************
2026-06-22 14:33:28,819 INFO [LOGIN] User found in users table
2026-06-22 14:33:28,938 INFO [LOGIN] Hash check result: True
2026-06-22 14:33:28,939 INFO [LOGIN SUCCESS] User 'Hey99@gmail.com' logged in successfully
2026-06-22 14:36:58,763 INFO Logging initialized. Log file: C:\Users\pooja\Desktop\myproject\logs\error.log
2026-06-22 14:37:00,416 INFO Logging initialized. Log file: C:\Users\pooja\Desktop\myproject\logs\error.log
2026-06-22 14:37:34,438 INFO [LOGIN] Attempt: email/username='Hey99@gmail.com', password=***************
2026-06-22 14:37:34,492 INFO [LOGIN] User found in users table
2026-06-22 14:37:34,646 INFO [LOGIN] Hash check result: False
2026-06-22 14:37:34,646 INFO [LOGIN] Fallback plain-text check result: False
2026-06-22 14:37:34,646 WARNING [LOGIN FAILED] Invalid credentials for 'Hey99@gmail.com'
2026-06-22 14:37:42,069 INFO [LOGIN] Attempt: email/username='hey99@gmail.com', password=***************
2026-06-22 14:37:42,105 INFO [LOGIN] User found in users table
2026-06-22 14:37:42,227 INFO [LOGIN] Hash check result: False
2026-06-22 14:37:42,227 INFO [LOGIN] Fallback plain-text check result: False
2026-06-22 14:37:42,227 WARNING [LOGIN FAILED] Invalid credentials for 'hey99@gmail.com'
2026-06-22 14:37:43,232 INFO [LOGIN] Attempt: email/username='hey99@gmail.com', password=***************
2026-06-22 14:37:43,277 INFO [LOGIN] User found in users table
2026-06-22 14:37:43,430 INFO [LOGIN] Hash check result: False
2026-06-22 14:37:43,430 INFO [LOGIN] Fallback plain-text check result: False
2026-06-22 14:37:43,431 WARNING [LOGIN FAILED] Invalid credentials for 'hey99@gmail.com'
2026-06-22 14:37:47,680 INFO [LOGIN] Attempt: email/username='hey99@gmail.com', password=***************
2026-06-22 14:37:47,716 INFO [LOGIN] User found in users table
2026-06-22 14:37:47,838 INFO [LOGIN] Hash check result: False
2026-06-22 14:37:47,838 INFO [LOGIN] Fallback plain-text check result: False
2026-06-22 14:37:47,839 WARNING [LOGIN FAILED] Invalid credentials for 'hey99@gmail.com'
2026-06-22 14:39:10,801 INFO Logging initialized. Log file: C:\Users\pooja\Desktop\myproject\logs\error.log
2026-06-22 14:39:11,906 INFO Logging initialized. Log file: C:\Users\pooja\Desktop\myproject\logs\error.log
2026-06-22 14:49:13,096 INFO [LOGIN] Attempt: email/username='hardik1@gmail.com', password=****************
2026-06-22 14:49:13,190 INFO [LOGIN] User found in users table
2026-06-22 14:49:13,418 INFO [LOGIN] Hash check result: False
2026-06-22 14:49:13,418 INFO [LOGIN] Fallback plain-text check result: False
2026-06-22 14:49:13,419 WARNING [LOGIN FAILED] Invalid credentials for 'hardik1@gmail.com'
2026-06-22 14:49:28,205 INFO [LOGIN] Attempt: email/username='hardik1@gmail.com', password=****************
2026-06-22 14:49:28,271 INFO [LOGIN] User found in users table
2026-06-22 14:49:28,539 INFO [LOGIN] Hash check result: False
2026-06-22 14:49:28,540 INFO [LOGIN] Fallback plain-text check result: False
2026-06-22 14:49:28,541 WARNING [LOGIN FAILED] Invalid credentials for 'hardik1@gmail.com'
2026-06-22 14:49:39,243 INFO [LOGIN] Attempt: email/username='hardik1@gmail.com', password=***************
2026-06-22 14:49:39,308 INFO [LOGIN] User found in users table
2026-06-22 14:49:39,550 INFO [LOGIN] Hash check result: False
2026-06-22 14:49:39,550 INFO [LOGIN] Fallback plain-text check result: False
2026-06-22 14:49:39,551 WARNING [LOGIN FAILED] Invalid credentials for 'hardik1@gmail.com'
2026-06-22 14:49:58,507 INFO [LOGIN] Attempt: email/username='hardik1@gmail.com', password=*****************
2026-06-22 14:49:58,577 INFO [LOGIN] User found in users table
2026-06-22 14:49:58,801 INFO [LOGIN] Hash check result: True
2026-06-22 14:49:58,803 INFO [LOGIN SUCCESS] User 'hardik1@gmail.com' logged in successfully
2026-06-22 16:42:35,344 INFO Logging initialized. Log file: C:\Users\pooja\Desktop\myproject\logs\error.log
2026-06-22 16:42:40,828 INFO Logging initialized. Log file: C:\Users\pooja\Desktop\myproject\logs\error.log
2026-06-22 16:47:53,319 INFO [LOGOUT] User 'hey99@gmail.com' logged out
2026-06-22 16:47:59,486 INFO [LOGIN] Attempt: email/username='Cinovic123@gmail.com', password=********************
2026-06-22 16:47:59,746 INFO [LOGIN] User found in users table
2026-06-22 16:48:00,347 INFO [LOGIN] Hash check result: True
2026-06-22 16:48:00,348 INFO [LOGIN SUCCESS] User 'Cinovic123@gmail.com' logged in successfully
2026-06-22 16:57:19,069 INFO [LOGOUT] User 'cinovic123@gmail.com' logged out
2026-06-22 16:57:28,401 INFO [LOGIN] Attempt: email/username='Priynaka1@gmail.com', password=*******************
2026-06-22 16:57:28,690 INFO [LOGIN] User found in users table
2026-06-22 16:57:28,936 INFO [LOGIN] Hash check result: True
2026-06-22 16:57:28,937 INFO [LOGIN SUCCESS] User 'Priynaka1@gmail.com' logged in successfully
2026-06-22 16:57:35,875 INFO [LOGOUT] User 'priynaka1@gmail.com' logged out
2026-06-22 16:57:43,014 INFO [LOGIN] Attempt: email/username='Priynaka1@gmail.com', password=*******************
2026-06-22 16:57:43,053 INFO [LOGIN] User found in users table
2026-06-22 16:57:43,552 INFO [LOGIN] Hash check result: True
2026-06-22 16:57:43,552 INFO [LOGIN SUCCESS] User 'Priynaka1@gmail.com' logged in successfully
2026-06-24 10:57:45,677 INFO Logging initialized. Log file: C:\Users\pooja\Desktop\myproject\logs\error.log
2026-06-24 10:57:47,543 INFO Logging initialized. Log file: C:\Users\pooja\Desktop\myproject\logs\error.log
2026-06-24 18:30:51,593 INFO Logging initialized. Log file: C:\Users\pooja\Desktop\myproject\logs\error.log
2026-06-24 18:30:54,813 INFO Logging initialized. Log file: C:\Users\pooja\Desktop\myproject\logs\error.log
